<?xml version="1.0" encoding="UTF-8"?>
<coverage generated="1774881268649" clover="3.2.0">
  <project timestamp="1774881268649" name="All files">
    <metrics statements="3" coveredstatements="3" conditionals="3" coveredconditionals="0" methods="3" coveredmethods="3" elements="9" coveredelements="6" complexity="0" loc="3" ncloc="3" packages="1" files="1" classes="1"/>
    <file name="issueLib.js" path="C:\Users\r00000625\myRipository\JavaScript-Ntanaka\exercises\ch17\ex02\issueLib.js">
      <metrics statements="3" coveredstatements="3" conditionals="3" coveredconditionals="0" methods="3" coveredmethods="3"/>
      <line num="5" count="4" type="stmt"/>
      <line num="16" count="3" type="stmt"/>
      <line num="30" count="3" type="stmt"/>
    </file>
  </project>
</coverage>
