{"C:\\Users\\r00000625\\myRipository\\JavaScript-Ntanaka\\exercises\\ch17\\ex02\\issueLib.js": {"path":"C:\\Users\\r00000625\\myRipository\\JavaScript-Ntanaka\\exercises\\ch17\\ex02\\issueLib.js","statementMap":{"0":{"start":{"line":5,"column":4},"end":{"line":11,"column":6}},"1":{"start":{"line":16,"column":4},"end":{"line":25,"column":6}},"2":{"start":{"line":30,"column":4},"end":{"line":38,"column":6}}},"fnMap":{"0":{"name":"listIssues","decl":{"start":{"line":4,"column":22},"end":{"line":4,"column":32}},"loc":{"start":{"line":4,"column":70},"end":{"line":12,"column":1}},"line":4},"1":{"name":"createIssue","decl":{"start":{"line":15,"column":22},"end":{"line":15,"column":33}},"loc":{"start":{"line":15,"column":84},"end":{"line":26,"column":1}},"line":15},"2":{"name":"closeIssue","decl":{"start":{"line":29,"column":22},"end":{"line":29,"column":32}},"loc":{"start":{"line":29,"column":83},"end":{"line":39,"column":1}},"line":29}},"branchMap":{"0":{"loc":{"start":{"line":4,"column":46},"end":{"line":4,"column":61}},"type":"default-arg","locations":[{"start":{"line":4,"column":56},"end":{"line":4,"column":61}}],"line":4},"1":{"loc":{"start":{"line":15,"column":60},"end":{"line":15,"column":75}},"type":"default-arg","locations":[{"start":{"line":15,"column":70},"end":{"line":15,"column":75}}],"line":15},"2":{"loc":{"start":{"line":29,"column":59},"end":{"line":29,"column":74}},"type":"default-arg","locations":[{"start":{"line":29,"column":69},"end":{"line":29,"column":74}}],"line":29}},"s":{"0":4,"1":3,"2":3},"f":{"0":4,"1":3,"2":3},"b":{"0":[0],"1":[0],"2":[0]},"_coverageSchema":"1a1c01bbd47fc00a2c39e90264f33305004495a9","hash":"3c17baf8865597d454c8a348d2e94d410edb5ba9"}
}
